INFO:root:widget request sucessfully deleted
INFO:root:widget sucessfully put in s3 bucket 3
INFO:root:widget request sucessfully deleted
INFO:root:widget sucessfully put in s3 bucket 3
INFO:root:widget request sucessfully deleted
INFO:root:widget sucessfully put in s3 bucket 3
INFO:root:widget request sucessfully deleted
INFO:root:widget sucessfully put in s3 bucket 3
INFO:root:widget request sucessfully deleted
INFO:root:widget request sucessfully deleted
INFO:root:widget sucessfully put in s3 bucket 3
INFO:root:widget request sucessfully deleted
INFO:root:widget request sucessfully deleted
INFO:root:widget sucessfully put in s3 bucket 3
INFO:root:widget request sucessfully deleted
INFO:root:widget sucessfully put in s3 bucket 3
INFO:root:widget request sucessfully deleted
INFO:root:widget request sucessfully deleted
INFO:root:widget request sucessfully deleted
INFO:root:widget request sucessfully deleted
INFO:root:widget request sucessfully deleted
INFO:root:widget request sucessfully deleted
INFO:root:set to send to s3
INFO:botocore.credentials:Found credentials in shared credentials file: ~/.aws/credentials
INFO:root:widget key sent to get processed
INFO:root:widget request sucessfully deleted
INFO:root:widget key sent to get processed
INFO:root:widget request sucessfully deleted
INFO:root:widget sucessfully put in s3 bucket 3
INFO:root:widget key sent to get processed
INFO:root:widget request sucessfully deleted
INFO:root:widget sucessfully put in s3 bucket 3
INFO:root:widget key sent to get processed
INFO:root:widget request sucessfully deleted
INFO:root:widget key sent to get processed
INFO:root:widget request sucessfully deleted
INFO:root:widget key sent to get processed
INFO:root:widget request sucessfully deleted
INFO:root:widget sucessfully put in s3 bucket 3
INFO:root:widget key sent to get processed
INFO:root:widget request sucessfully deleted
INFO:root:widget sucessfully put in s3 bucket 3
INFO:root:widget key sent to get processed
INFO:root:widget request sucessfully deleted
INFO:root:set to send to s3
INFO:botocore.credentials:Found credentials in shared credentials file: ~/.aws/credentials
INFO:root:widget key sent to get processed
INFO:root:widget request sucessfully deleted
INFO:root:widget key sent to get processed
INFO:root:widget request sucessfully deleted
INFO:root:widget key sent to get processed
INFO:root:widget request sucessfully deleted
INFO:root:widget sucessfully put in s3 bucket 3
INFO:root:widget key sent to get processed
INFO:root:widget request sucessfully deleted
INFO:root:widget key sent to get processed
INFO:root:widget request sucessfully deleted
INFO:root:widget key sent to get processed
INFO:root:widget request sucessfully deleted
INFO:root:widget sucessfully put in s3 bucket 3
INFO:root:widget key sent to get processed
INFO:root:widget request sucessfully deleted
INFO:root:widget sucessfully put in s3 bucket 3
INFO:root:widget key sent to get processed
INFO:root:widget request sucessfully deleted
INFO:root:widget key sent to get processed
INFO:root:widget request sucessfully deleted
INFO:root:widget sucessfully put in s3 bucket 3
INFO:root:widget key sent to get processed
INFO:root:widget request sucessfully deleted
INFO:root:widget sucessfully put in s3 bucket 3
INFO:root:widget key sent to get processed
INFO:root:widget request sucessfully deleted
INFO:root:widget key sent to get processed
INFO:root:widget request sucessfully deleted
INFO:root:widget sucessfully put in s3 bucket 3
INFO:root:widget key sent to get processed
INFO:root:widget request sucessfully deleted
INFO:root:widget sucessfully put in s3 bucket 3
INFO:root:widget key sent to get processed
INFO:root:widget request sucessfully deleted
INFO:root:widget sucessfully put in s3 bucket 3
INFO:root:widget key sent to get processed
INFO:root:widget request sucessfully deleted
INFO:root:widget sucessfully put in s3 bucket 3
INFO:root:widget key sent to get processed
INFO:root:widget request sucessfully deleted
INFO:root:widget sucessfully put in s3 bucket 3
INFO:root:widget key sent to get processed
INFO:root:widget request sucessfully deleted
INFO:root:widget key sent to get processed
INFO:root:widget request sucessfully deleted
INFO:root:widget sucessfully put in s3 bucket 3
INFO:root:widget key sent to get processed
INFO:root:widget request sucessfully deleted
INFO:root:widget key sent to get processed
INFO:root:widget request sucessfully deleted
INFO:root:widget sucessfully put in s3 bucket 3
INFO:root:widget key sent to get processed
INFO:root:widget request sucessfully deleted
INFO:root:widget sucessfully put in s3 bucket 3
INFO:root:widget key sent to get processed
INFO:root:widget request sucessfully deleted
INFO:root:widget key sent to get processed
INFO:root:widget request sucessfully deleted
INFO:root:widget key sent to get processed
INFO:root:widget request sucessfully deleted
